<?xml version="1.0" encoding="UTF-8"?>
<!-- Generated by org.testng.reporters.JUnitXMLReporter -->
<testsuite hostname="DESKTOP-R403KF9" ignored="0" name="Test" tests="5" failures="0" timestamp="23 May 2017 13:30:09 GMT" time="24.231" errors="0">
  <testcase name="testVersion" time="0.753" classname="test.VerifyVersion"/>
  <testcase name="testValidLoginLogout" time="1.612" classname="test.ValidLoginLogout"/>
  <testcase name="testInvalidLogin" time="0.536" classname="test.InvalidLogin"/>
  <testcase name="testVerifyBuildNumber" time="1.896" classname="test.VerifyBuildNumber"/>
  <testcase name="testVerifyBuildNumber" time="1.542" classname="test.VerifyIssueDate"/>
</testsuite> <!-- Test -->
